<?xml version="1.0" encoding="UTF-8"?>
<testng-results ignored="0" total="4" passed="2" failed="1" skipped="1">
  <reporter-output>
  </reporter-output>
  <suite started-at="2021-05-31T00:38:47 IST" name="Suite" finished-at="2021-05-31T00:39:19 IST" duration-ms="31396">
    <groups>
    </groups>
    <test started-at="2021-05-31T00:38:47 IST" name="Validate Landing Page" finished-at="2021-05-31T00:39:11 IST" duration-ms="23813">
      <class name="academyTest.LandingPageTest">
        <test-method is-config="true" signature="baseClassNavigation()[pri:0, instance:academyTest.LandingPageTest@5ed190be]" started-at="2021-05-31T00:38:47 IST" name="baseClassNavigation" finished-at="2021-05-31T00:38:52 IST" duration-ms="5101" status="PASS">
          <reporter-output>
          </reporter-output>
        </test-method> <!-- baseClassNavigation -->
        <test-method signature="clickOnSignIn(java.lang.String,java.lang.String)[pri:0, instance:academyTest.LandingPageTest@5ed190be]" started-at="2021-05-31T00:38:52 IST" name="clickOnSignIn" data-provider="Logindata" finished-at="2021-05-31T00:39:10 IST" duration-ms="17949" status="PASS">
          <params>
            <param index="0">
              <value>
                <![CDATA[abhishekarlur@gmail.com]]>
              </value>
            </param>
            <param index="1">
              <value>
                <![CDATA[Password@123]]>
              </value>
            </param>
          </params>
          <reporter-output>
          </reporter-output>
        </test-method> <!-- clickOnSignIn -->
        <test-method is-config="true" signature="teardown()[pri:0, instance:academyTest.LandingPageTest@5ed190be]" started-at="2021-05-31T00:39:10 IST" name="teardown" finished-at="2021-05-31T00:39:11 IST" duration-ms="745" status="PASS">
          <reporter-output>
          </reporter-output>
        </test-method> <!-- teardown -->
      </class> <!-- academyTest.LandingPageTest -->
    </test> <!-- Validate Landing Page -->
    <test started-at="2021-05-31T00:38:47 IST" name="Validate SignInPage" finished-at="2021-05-31T00:39:13 IST" duration-ms="25569">
      <class name="academyTest.SignInPageTest">
        <test-method is-config="true" signature="initDriver()[pri:0, instance:academyTest.SignInPageTest@69c43e48]" started-at="2021-05-31T00:38:47 IST" name="initDriver" finished-at="2021-05-31T00:39:04 IST" duration-ms="16759" status="PASS">
          <reporter-output>
          </reporter-output>
        </test-method> <!-- initDriver -->
        <test-method signature="verifyTitle()[pri:0, instance:academyTest.SignInPageTest@69c43e48]" started-at="2021-05-31T00:39:04 IST" name="verifyTitle" finished-at="2021-05-31T00:39:07 IST" duration-ms="2961" status="FAIL">
          <exception class="java.lang.AssertionError">
            <message>
              <![CDATA[expected [WebServices Testing using SoapUI0123] but found [WebServices Testing using SoapUI]]]>
            </message>
            <full-stacktrace>
              <![CDATA[java.lang.AssertionError: expected [WebServices Testing using SoapUI0123] but found [WebServices Testing using SoapUI]
at org.testng.Assert.fail(Assert.java:99)
at org.testng.Assert.failNotEquals(Assert.java:1037)
at org.testng.Assert.assertEqualsImpl(Assert.java:140)
at org.testng.Assert.assertEquals(Assert.java:122)
at org.testng.Assert.assertEquals(Assert.java:629)
at org.testng.Assert.assertEquals(Assert.java:639)
at academyTest.SignInPageTest.verifyTitle(SignInPageTest.java:46)
at java.base/jdk.internal.reflect.NativeMethodAccessorImpl.invoke0(Native Method)
at java.base/jdk.internal.reflect.NativeMethodAccessorImpl.invoke(NativeMethodAccessorImpl.java:64)
at java.base/jdk.internal.reflect.DelegatingMethodAccessorImpl.invoke(DelegatingMethodAccessorImpl.java:43)
at java.base/java.lang.reflect.Method.invoke(Method.java:564)
at org.testng.internal.MethodInvocationHelper.invokeMethod(MethodInvocationHelper.java:133)
at org.testng.internal.TestInvoker.invokeMethod(TestInvoker.java:598)
at org.testng.internal.TestInvoker.invokeTestMethod(TestInvoker.java:173)
at org.testng.internal.MethodRunner.runInSequence(MethodRunner.java:46)
at org.testng.internal.TestInvoker$MethodInvocationAgent.invoke(TestInvoker.java:824)
at org.testng.internal.TestInvoker.invokeTestMethods(TestInvoker.java:146)
at org.testng.internal.TestMethodWorker.invokeTestMethods(TestMethodWorker.java:146)
at org.testng.internal.TestMethodWorker.run(TestMethodWorker.java:128)
at java.base/java.util.ArrayList.forEach(ArrayList.java:1511)
at org.testng.TestRunner.privateRun(TestRunner.java:794)
at org.testng.TestRunner.run(TestRunner.java:596)
at org.testng.SuiteRunner.runTest(SuiteRunner.java:377)
at org.testng.SuiteRunner.access$000(SuiteRunner.java:28)
at org.testng.SuiteRunner$SuiteWorker.run(SuiteRunner.java:418)
at org.testng.internal.thread.ThreadUtil.lambda$execute$0(ThreadUtil.java:64)
at java.base/java.util.concurrent.FutureTask.run(FutureTask.java:264)
at java.base/java.util.concurrent.ThreadPoolExecutor.runWorker(ThreadPoolExecutor.java:1130)
at java.base/java.util.concurrent.ThreadPoolExecutor$Worker.run(ThreadPoolExecutor.java:630)
at java.base/java.lang.Thread.run(Thread.java:832)
]]>
            </full-stacktrace>
          </exception> <!-- java.lang.AssertionError -->
          <reporter-output>
          </reporter-output>
        </test-method> <!-- verifyTitle -->
        <test-method signature="doSignIn()[pri:0, instance:academyTest.SignInPageTest@69c43e48]" started-at="2021-05-31T00:39:08 IST" name="doSignIn" finished-at="2021-05-31T00:39:08 IST" depends-on-methods="academyTest.SignInPageTest.verifyTitle" duration-ms="0" status="SKIP">
          <exception class="java.lang.Throwable">
            <message>
              <![CDATA[Method SignInPageTest.doSignIn()[pri:0, instance:academyTest.SignInPageTest@69c43e48] depends on not successfully finished methods]]>
            </message>
            <full-stacktrace>
              <![CDATA[java.lang.Throwable: Method SignInPageTest.doSignIn()[pri:0, instance:academyTest.SignInPageTest@69c43e48] depends on not successfully finished methods
at org.testng.internal.TestInvoker.invokeTestMethods(TestInvoker.java:102)
at org.testng.internal.TestMethodWorker.invokeTestMethods(TestMethodWorker.java:146)
at org.testng.internal.TestMethodWorker.run(TestMethodWorker.java:128)
at java.base/java.util.ArrayList.forEach(ArrayList.java:1511)
at org.testng.TestRunner.privateRun(TestRunner.java:794)
at org.testng.TestRunner.run(TestRunner.java:596)
at org.testng.SuiteRunner.runTest(SuiteRunner.java:377)
at org.testng.SuiteRunner.access$000(SuiteRunner.java:28)
at org.testng.SuiteRunner$SuiteWorker.run(SuiteRunner.java:418)
at org.testng.internal.thread.ThreadUtil.lambda$execute$0(ThreadUtil.java:64)
at java.base/java.util.concurrent.FutureTask.run(FutureTask.java:264)
at java.base/java.util.concurrent.ThreadPoolExecutor.runWorker(ThreadPoolExecutor.java:1130)
at java.base/java.util.concurrent.ThreadPoolExecutor$Worker.run(ThreadPoolExecutor.java:630)
at java.base/java.lang.Thread.run(Thread.java:832)
]]>
            </full-stacktrace>
          </exception> <!-- java.lang.Throwable -->
          <reporter-output>
          </reporter-output>
        </test-method> <!-- doSignIn -->
        <test-method is-config="true" signature="tearDown()[pri:0, instance:academyTest.SignInPageTest@69c43e48]" started-at="2021-05-31T00:39:08 IST" name="tearDown" finished-at="2021-05-31T00:39:13 IST" duration-ms="5366" status="PASS">
          <reporter-output>
          </reporter-output>
        </test-method> <!-- tearDown -->
      </class> <!-- academyTest.SignInPageTest -->
    </test> <!-- Validate SignInPage -->
    <test started-at="2021-05-31T00:38:47 IST" name="Validate Register Page" finished-at="2021-05-31T00:39:19 IST" duration-ms="31396">
      <class name="academyTest.RegisterPageTest">
        <test-method is-config="true" signature="baseClassNavigation()[pri:0, instance:academyTest.RegisterPageTest@37d3d232]" started-at="2021-05-31T00:38:47 IST" name="baseClassNavigation" finished-at="2021-05-31T00:38:52 IST" duration-ms="4694" status="PASS">
          <reporter-output>
          </reporter-output>
        </test-method> <!-- baseClassNavigation -->
        <test-method signature="registerExistingUser(java.lang.String,java.lang.String,java.lang.String,java.lang.String)[pri:0, instance:academyTest.RegisterPageTest@37d3d232]" started-at="2021-05-31T00:38:52 IST" name="registerExistingUser" data-provider="Registerdata" finished-at="2021-05-31T00:39:18 IST" duration-ms="26252" status="PASS">
          <params>
            <param index="0">
              <value>
                <![CDATA[Abhishek Arloor]]>
              </value>
            </param>
            <param index="1">
              <value>
                <![CDATA[abhishekarlur@gmail.com]]>
              </value>
            </param>
            <param index="2">
              <value>
                <![CDATA[Password@123]]>
              </value>
            </param>
            <param index="3">
              <value>
                <![CDATA[Password@123]]>
              </value>
            </param>
          </params>
          <reporter-output>
          </reporter-output>
        </test-method> <!-- registerExistingUser -->
        <test-method is-config="true" signature="teardown()[pri:0, instance:academyTest.RegisterPageTest@37d3d232]" started-at="2021-05-31T00:39:18 IST" name="teardown" finished-at="2021-05-31T00:39:19 IST" duration-ms="310" status="PASS">
          <reporter-output>
          </reporter-output>
        </test-method> <!-- teardown -->
      </class> <!-- academyTest.RegisterPageTest -->
    </test> <!-- Validate Register Page -->
  </suite> <!-- Suite -->
</testng-results>
